# JRE version: OpenJDK Runtime Environment (8.0_202-b03) (build 1.8.0_202-release-1483-b03)
# Java VM: OpenJDK 64-Bit Server VM (25.202-b03 mixed mode windows-amd64 compressed oops)
Heap:
 PSYoungGen      total 197120K, used 86347K [0x00000000e0000000, 0x00000000ed900000, 0x0000000100000000)
  eden space 180736K, 38% used [0x00000000e0000000,0x00000000e44c6338,0x00000000eb080000)
  from space 16384K, 97% used [0x00000000ec000000,0x00000000ecf8cc90,0x00000000ed000000)
  to   space 9216K, 0% used [0x00000000ed000000,0x00000000ed000000,0x00000000ed900000)
 ParOldGen       total 126976K, used 36113K [0x00000000a0000000, 0x00000000a7c00000, 0x00000000e0000000)
  object space 126976K, 28% used [0x00000000a0000000,0x00000000a23445e8,0x00000000a7c00000)
 Metaspace       used 69040K, capacity 71152K, committed 71384K, reserved 1112064K
  class space    used 8893K, capacity 9371K, committed 9472K, reserved 1048576K
GC Heap History (10 events):
Event: 9.879 GC heap before
{Heap before GC invocations=12 (full 2):
 PSYoungGen      total 126464K, used 115712K [0x00000000e0000000, 0x00000000eba80000, 0x0000000100000000)
  eden space 115712K, 100% used [0x00000000e0000000,0x00000000e7100000,0x00000000e7100000)
  from space 10752K, 0% used [0x00000000e7100000,0x00000000e7100000,0x00000000e7b80000)
  to   space 11264K, 0% used [0x00000000eaf80000,0x00000000eaf80000,0x00000000eba80000)
 ParOldGen       total 79360K, used 17088K [0x00000000a0000000, 0x00000000a4d80000, 0x00000000e0000000)
  object space 79360K, 21% used [0x00000000a0000000,0x00000000a10b0060,0x00000000a4d80000)
 Metaspace       used 45176K, capacity 46140K, committed 46552K, reserved 1089536K
  class space    used 6080K, capacity 6361K, committed 6400K, reserved 1048576K
Event: 9.895 GC heap after
Heap after GC invocations=12 (full 2):
 PSYoungGen      total 165376K, used 11260K [0x00000000e0000000, 0x00000000eba80000, 0x0000000100000000)
  eden space 154112K, 0% used [0x00000000e0000000,0x00000000e0000000,0x00000000e9680000)
  from space 11264K, 99% used [0x00000000eaf80000,0x00000000eba7f3c0,0x00000000eba80000)
  to   space 13824K, 0% used [0x00000000e9f80000,0x00000000e9f80000,0x00000000ead00000)
 ParOldGen       total 79360K, used 21075K [0x00000000a0000000, 0x00000000a4d80000, 0x00000000e0000000)
  object space 79360K, 26% used [0x00000000a0000000,0x00000000a1494f60,0x00000000a4d80000)
 Metaspace       used 45176K, capacity 46140K, committed 46552K, reserved 1089536K
  class space    used 6080K, capacity 6361K, committed 6400K, reserved 1048576K
}
Event: 11.652 GC heap before
{Heap before GC invocations=13 (full 2):
 PSYoungGen      total 165376K, used 151385K [0x00000000e0000000, 0x00000000eba80000, 0x0000000100000000)
  eden space 154112K, 90% used [0x00000000e0000000,0x00000000e88d7260,0x00000000e9680000)
  from space 11264K, 99% used [0x00000000eaf80000,0x00000000eba7f3c0,0x00000000eba80000)
  to   space 13824K, 0% used [0x00000000e9f80000,0x00000000e9f80000,0x00000000ead00000)
 ParOldGen       total 79360K, used 21075K [0x00000000a0000000, 0x00000000a4d80000, 0x00000000e0000000)
  object space 79360K, 26% used [0x00000000a0000000,0x00000000a1494f60,0x00000000a4d80000)
 Metaspace       used 56993K, capacity 58978K, committed 59028K, reserved 1099776K
  class space    used 7804K, capacity 8272K, committed 8320K, reserved 1048576K
Event: 11.671 GC heap after
Heap after GC invocations=13 (full 2):
 PSYoungGen      total 177152K, used 13815K [0x00000000e0000000, 0x00000000eea80000, 0x0000000100000000)
  eden space 163328K, 0% used [0x00000000e0000000,0x00000000e0000000,0x00000000e9f80000)
  from space 13824K, 99% used [0x00000000e9f80000,0x00000000eacfdfa0,0x00000000ead00000)
  to   space 18432K, 0% used [0x00000000ed880000,0x00000000ed880000,0x00000000eea80000)
 ParOldGen       total 79360K, used 29692K [0x00000000a0000000, 0x00000000a4d80000, 0x00000000e0000000)
  object space 79360K, 37% used [0x00000000a0000000,0x00000000a1cff280,0x00000000a4d80000)
 Metaspace       used 56993K, capacity 58978K, committed 59028K, reserved 1099776K
  class space    used 7804K, capacity 8272K, committed 8320K, reserved 1048576K
}
Event: 11.671 GC heap before
{Heap before GC invocations=14 (full 3):
 PSYoungGen      total 177152K, used 13815K [0x00000000e0000000, 0x00000000eea80000, 0x0000000100000000)
  eden space 163328K, 0% used [0x00000000e0000000,0x00000000e0000000,0x00000000e9f80000)
  from space 13824K, 99% used [0x00000000e9f80000,0x00000000eacfdfa0,0x00000000ead00000)
  to   space 18432K, 0% used [0x00000000ed880000,0x00000000ed880000,0x00000000eea80000)
 ParOldGen       total 79360K, used 29692K [0x00000000a0000000, 0x00000000a4d80000, 0x00000000e0000000)
  object space 79360K, 37% used [0x00000000a0000000,0x00000000a1cff280,0x00000000a4d80000)
 Metaspace       used 56993K, capacity 58978K, committed 59028K, reserved 1099776K
  class space    used 7804K, capacity 8272K, committed 8320K, reserved 1048576K
Event: 11.917 GC heap after
Heap after GC invocations=14 (full 3):
 PSYoungGen      total 177152K, used 0K [0x00000000e0000000, 0x00000000eea80000, 0x0000000100000000)
  eden space 163328K, 0% used [0x00000000e0000000,0x00000000e0000000,0x00000000e9f80000)
  from space 13824K, 0% used [0x00000000e9f80000,0x00000000e9f80000,0x00000000ead00000)
  to   space 18432K, 0% used [0x00000000ed880000,0x00000000ed880000,0x00000000eea80000)
 ParOldGen       total 126976K, used 36097K [0x00000000a0000000, 0x00000000a7c00000, 0x00000000e0000000)
  object space 126976K, 28% used [0x00000000a0000000,0x00000000a23405e8,0x00000000a7c00000)
 Metaspace       used 56785K, capacity 58394K, committed 59028K, reserved 1099776K
  class space    used 7739K, capacity 8158K, committed 8320K, reserved 1048576K
}
Event: 7258.974 GC heap before
{Heap before GC invocations=15 (full 3):
 PSYoungGen      total 177152K, used 163328K [0x00000000e0000000, 0x00000000eea80000, 0x0000000100000000)
  eden space 163328K, 100% used [0x00000000e0000000,0x00000000e9f80000,0x00000000e9f80000)
  from space 13824K, 0% used [0x00000000e9f80000,0x00000000e9f80000,0x00000000ead00000)
  to   space 18432K, 0% used [0x00000000ed880000,0x00000000ed880000,0x00000000eea80000)
 ParOldGen       total 126976K, used 36097K [0x00000000a0000000, 0x00000000a7c00000, 0x00000000e0000000)
  object space 126976K, 28% used [0x00000000a0000000,0x00000000a23405e8,0x00000000a7c00000)
 Metaspace       used 62778K, capacity 64638K, committed 64728K, reserved 1105920K
  class space    used 8244K, capacity 8650K, committed 8704K, reserved 1048576K
Event: 7259.409 GC heap after
Heap after GC invocations=15 (full 3):
 PSYoungGen      total 197632K, used 10374K [0x00000000e0000000, 0x00000000ee300000, 0x0000000100000000)
  eden space 186880K, 0% used [0x00000000e0000000,0x00000000e0000000,0x00000000eb680000)
  from space 10752K, 96% used [0x00000000ed880000,0x00000000ee2a1bb0,0x00000000ee300000)
  to   space 17920K, 0% used [0x00000000ec000000,0x00000000ec000000,0x00000000ed180000)
 ParOldGen       total 126976K, used 36105K [0x00000000a0000000, 0x00000000a7c00000, 0x00000000e0000000)
  object space 126976K, 28% used [0x00000000a0000000,0x00000000a23425e8,0x00000000a7c00000)
 Metaspace       used 62778K, capacity 64638K, committed 64728K, reserved 1105920K
  class space    used 8244K, capacity 8650K, committed 8704K, reserved 1048576K
}
Event: 7329.165 GC heap before
{Heap before GC invocations=16 (full 3):
 PSYoungGen      total 197632K, used 197254K [0x00000000e0000000, 0x00000000ee300000, 0x0000000100000000)
  eden space 186880K, 100% used [0x00000000e0000000,0x00000000eb680000,0x00000000eb680000)
  from space 10752K, 96% used [0x00000000ed880000,0x00000000ee2a1bb0,0x00000000ee300000)
  to   space 17920K, 0% used [0x00000000ec000000,0x00000000ec000000,0x00000000ed180000)
 ParOldGen       total 126976K, used 36105K [0x00000000a0000000, 0x00000000a7c00000, 0x00000000e0000000)
  object space 126976K, 28% used [0x00000000a0000000,0x00000000a23425e8,0x00000000a7c00000)
 Metaspace       used 66026K, capacity 68156K, committed 68440K, reserved 1107968K
  class space    used 8591K, capacity 9057K, committed 9088K, reserved 1048576K
Event: 7329.195 GC heap after
Heap after GC invocations=16 (full 3):
 PSYoungGen      total 197120K, used 15923K [0x00000000e0000000, 0x00000000ed900000, 0x0000000100000000)
  eden space 180736K, 0% used [0x00000000e0000000,0x00000000e0000000,0x00000000eb080000)
  from space 16384K, 97% used [0x00000000ec000000,0x00000000ecf8cc90,0x00000000ed000000)
  to   space 9216K, 0% used [0x00000000ed000000,0x00000000ed000000,0x00000000ed900000)
 ParOldGen       total 126976K, used 36113K [0x00000000a0000000, 0x00000000a7c00000, 0x00000000e0000000)
  object space 126976K, 28% used [0x00000000a0000000,0x00000000a23445e8,0x00000000a7c00000)
 Metaspace       used 66026K, capacity 68156K, committed 68440K, reserved 1107968K
  class space    used 8591K, capacity 9057K, committed 9088K, reserved 1048576K
}

