# JRE version: OpenJDK Runtime Environment (8.0_202-b03) (build 1.8.0_202-release-1483-b03)
# Java VM: OpenJDK 64-Bit Server VM (25.202-b03 mixed mode windows-amd64 compressed oops)
Heap:
 PSYoungGen      total 133120K, used 30817K [0x00000000e0000000, 0x00000000eb800000, 0x0000000100000000)
  eden space 120832K, 15% used [0x00000000e0000000,0x00000000e1218860,0x00000000e7600000)
  from space 12288K, 99% used [0x00000000e7600000,0x00000000e81ffbb8,0x00000000e8200000)
  to   space 16384K, 0% used [0x00000000ea800000,0x00000000ea800000,0x00000000eb800000)
 ParOldGen       total 75776K, used 21967K [0x00000000a0000000, 0x00000000a4a00000, 0x00000000e0000000)
  object space 75776K, 28% used [0x00000000a0000000,0x00000000a1573d48,0x00000000a4a00000)
 Metaspace       used 52156K, capacity 53566K, committed 53888K, reserved 1095680K
  class space    used 7082K, capacity 7477K, committed 7552K, reserved 1048576K
GC Heap History (10 events):
Event: 9.791 GC heap before
{Heap before GC invocations=11 (full 1):
 PSYoungGen      total 65536K, used 63099K [0x00000000e0000000, 0x00000000e6200000, 0x0000000100000000)
  eden space 55296K, 100% used [0x00000000e0000000,0x00000000e3600000,0x00000000e3600000)
  from space 10240K, 76% used [0x00000000e3600000,0x00000000e3d9ec48,0x00000000e4000000)
  to   space 10240K, 0% used [0x00000000e5800000,0x00000000e5800000,0x00000000e6200000)
 ParOldGen       total 55808K, used 8763K [0x00000000a0000000, 0x00000000a3680000, 0x00000000e0000000)
  object space 55808K, 15% used [0x00000000a0000000,0x00000000a088ee00,0x00000000a3680000)
 Metaspace       used 34583K, capacity 35358K, committed 35456K, reserved 1079296K
  class space    used 4758K, capacity 4950K, committed 4992K, reserved 1048576K
Event: 9.805 GC heap after
Heap after GC invocations=11 (full 1):
 PSYoungGen      total 89088K, used 8044K [0x00000000e0000000, 0x00000000e6180000, 0x0000000100000000)
  eden space 79360K, 0% used [0x00000000e0000000,0x00000000e0000000,0x00000000e4d80000)
  from space 9728K, 82% used [0x00000000e5800000,0x00000000e5fdb370,0x00000000e6180000)
  to   space 10240K, 0% used [0x00000000e4d80000,0x00000000e4d80000,0x00000000e5780000)
 ParOldGen       total 55808K, used 11987K [0x00000000a0000000, 0x00000000a3680000, 0x00000000e0000000)
  object space 55808K, 21% used [0x00000000a0000000,0x00000000a0bb4e10,0x00000000a3680000)
 Metaspace       used 34583K, capacity 35358K, committed 35456K, reserved 1079296K
  class space    used 4758K, capacity 4950K, committed 4992K, reserved 1048576K
}
Event: 9.837 GC heap before
{Heap before GC invocations=12 (full 1):
 PSYoungGen      total 89088K, used 10995K [0x00000000e0000000, 0x00000000e6180000, 0x0000000100000000)
  eden space 79360K, 3% used [0x00000000e0000000,0x00000000e02e1908,0x00000000e4d80000)
  from space 9728K, 82% used [0x00000000e5800000,0x00000000e5fdb370,0x00000000e6180000)
  to   space 10240K, 0% used [0x00000000e4d80000,0x00000000e4d80000,0x00000000e5780000)
 ParOldGen       total 55808K, used 11987K [0x00000000a0000000, 0x00000000a3680000, 0x00000000e0000000)
  object space 55808K, 21% used [0x00000000a0000000,0x00000000a0bb4e10,0x00000000a3680000)
 Metaspace       used 34630K, capacity 35364K, committed 35456K, reserved 1079296K
  class space    used 4767K, capacity 4951K, committed 4992K, reserved 1048576K
Event: 9.844 GC heap after
Heap after GC invocations=12 (full 1):
 PSYoungGen      total 89600K, used 352K [0x00000000e0000000, 0x00000000e8e00000, 0x0000000100000000)
  eden space 79360K, 0% used [0x00000000e0000000,0x00000000e0000000,0x00000000e4d80000)
  from space 10240K, 3% used [0x00000000e4d80000,0x00000000e4dd8000,0x00000000e5780000)
  to   space 11264K, 0% used [0x00000000e8300000,0x00000000e8300000,0x00000000e8e00000)
 ParOldGen       total 55808K, used 17309K [0x00000000a0000000, 0x00000000a3680000, 0x00000000e0000000)
  object space 55808K, 31% used [0x00000000a0000000,0x00000000a10e76b8,0x00000000a3680000)
 Metaspace       used 34630K, capacity 35364K, committed 35456K, reserved 1079296K
  class space    used 4767K, capacity 4951K, committed 4992K, reserved 1048576K
}
Event: 9.844 GC heap before
{Heap before GC invocations=13 (full 2):
 PSYoungGen      total 89600K, used 352K [0x00000000e0000000, 0x00000000e8e00000, 0x0000000100000000)
  eden space 79360K, 0% used [0x00000000e0000000,0x00000000e0000000,0x00000000e4d80000)
  from space 10240K, 3% used [0x00000000e4d80000,0x00000000e4dd8000,0x00000000e5780000)
  to   space 11264K, 0% used [0x00000000e8300000,0x00000000e8300000,0x00000000e8e00000)
 ParOldGen       total 55808K, used 17309K [0x00000000a0000000, 0x00000000a3680000, 0x00000000e0000000)
  object space 55808K, 31% used [0x00000000a0000000,0x00000000a10e76b8,0x00000000a3680000)
 Metaspace       used 34630K, capacity 35364K, committed 35456K, reserved 1079296K
  class space    used 4767K, capacity 4951K, committed 4992K, reserved 1048576K
Event: 9.975 GC heap after
Heap after GC invocations=13 (full 2):
 PSYoungGen      total 89600K, used 0K [0x00000000e0000000, 0x00000000e8e00000, 0x0000000100000000)
  eden space 79360K, 0% used [0x00000000e0000000,0x00000000e0000000,0x00000000e4d80000)
  from space 10240K, 0% used [0x00000000e4d80000,0x00000000e4d80000,0x00000000e5780000)
  to   space 11264K, 0% used [0x00000000e8300000,0x00000000e8300000,0x00000000e8e00000)
 ParOldGen       total 75776K, used 16043K [0x00000000a0000000, 0x00000000a4a00000, 0x00000000e0000000)
  object space 75776K, 21% used [0x00000000a0000000,0x00000000a0faad08,0x00000000a4a00000)
 Metaspace       used 34628K, capacity 35358K, committed 35456K, reserved 1079296K
  class space    used 4766K, capacity 4950K, committed 4992K, reserved 1048576K
}
Event: 11.074 GC heap before
{Heap before GC invocations=14 (full 2):
 PSYoungGen      total 89600K, used 79360K [0x00000000e0000000, 0x00000000e8e00000, 0x0000000100000000)
  eden space 79360K, 100% used [0x00000000e0000000,0x00000000e4d80000,0x00000000e4d80000)
  from space 10240K, 0% used [0x00000000e4d80000,0x00000000e4d80000,0x00000000e5780000)
  to   space 11264K, 0% used [0x00000000e8300000,0x00000000e8300000,0x00000000e8e00000)
 ParOldGen       total 75776K, used 16043K [0x00000000a0000000, 0x00000000a4a00000, 0x00000000e0000000)
  object space 75776K, 21% used [0x00000000a0000000,0x00000000a0faad08,0x00000000a4a00000)
 Metaspace       used 43392K, capacity 44242K, committed 44288K, reserved 1087488K
  class space    used 5864K, capacity 6127K, committed 6144K, reserved 1048576K
Event: 11.083 GC heap after
Heap after GC invocations=14 (full 2):
 PSYoungGen      total 123392K, used 10783K [0x00000000e0000000, 0x00000000e8e00000, 0x0000000100000000)
  eden space 112128K, 0% used [0x00000000e0000000,0x00000000e0000000,0x00000000e6d80000)
  from space 11264K, 95% used [0x00000000e8300000,0x00000000e8d87df0,0x00000000e8e00000)
  to   space 12288K, 0% used [0x00000000e7600000,0x00000000e7600000,0x00000000e8200000)
 ParOldGen       total 75776K, used 16051K [0x00000000a0000000, 0x00000000a4a00000, 0x00000000e0000000)
  object space 75776K, 21% used [0x00000000a0000000,0x00000000a0facd08,0x00000000a4a00000)
 Metaspace       used 43392K, capacity 44242K, committed 44288K, reserved 1087488K
  class space    used 5864K, capacity 6127K, committed 6144K, reserved 1048576K
}
Event: 12.316 GC heap before
{Heap before GC invocations=15 (full 2):
 PSYoungGen      total 123392K, used 122911K [0x00000000e0000000, 0x00000000e8e00000, 0x0000000100000000)
  eden space 112128K, 100% used [0x00000000e0000000,0x00000000e6d80000,0x00000000e6d80000)
  from space 11264K, 95% used [0x00000000e8300000,0x00000000e8d87df0,0x00000000e8e00000)
  to   space 12288K, 0% used [0x00000000e7600000,0x00000000e7600000,0x00000000e8200000)
 ParOldGen       total 75776K, used 16051K [0x00000000a0000000, 0x00000000a4a00000, 0x00000000e0000000)
  object space 75776K, 21% used [0x00000000a0000000,0x00000000a0facd08,0x00000000a4a00000)
 Metaspace       used 51545K, capacity 52934K, committed 53248K, reserved 1095680K
  class space    used 6978K, capacity 7382K, committed 7424K, reserved 1048576K
Event: 12.331 GC heap after
Heap after GC invocations=15 (full 2):
 PSYoungGen      total 133120K, used 12286K [0x00000000e0000000, 0x00000000eb800000, 0x0000000100000000)
  eden space 120832K, 0% used [0x00000000e0000000,0x00000000e0000000,0x00000000e7600000)
  from space 12288K, 99% used [0x00000000e7600000,0x00000000e81ffbb8,0x00000000e8200000)
  to   space 16384K, 0% used [0x00000000ea800000,0x00000000ea800000,0x00000000eb800000)
 ParOldGen       total 75776K, used 21967K [0x00000000a0000000, 0x00000000a4a00000, 0x00000000e0000000)
  object space 75776K, 28% used [0x00000000a0000000,0x00000000a1573d48,0x00000000a4a00000)
 Metaspace       used 51545K, capacity 52934K, committed 53248K, reserved 1095680K
  class space    used 6978K, capacity 7382K, committed 7424K, reserved 1048576K
}

