# JRE version: OpenJDK Runtime Environment (8.0_202-b03) (build 1.8.0_202-release-1483-b03)
# Java VM: OpenJDK 64-Bit Server VM (25.202-b03 mixed mode windows-amd64 compressed oops)
Heap:
 PSYoungGen      total 280064K, used 129178K [0x00000000e0000000, 0x00000000f7d00000, 0x0000000100000000)
  eden space 220160K, 31% used [0x00000000e0000000,0x00000000e43acb30,0x00000000ed700000)
  from space 59904K, 99% used [0x00000000f2100000,0x00000000f5b79dc8,0x00000000f5b80000)
  to   space 75776K, 0% used [0x00000000ed700000,0x00000000ed700000,0x00000000f2100000)
 ParOldGen       total 305664K, used 173614K [0x00000000a0000000, 0x00000000b2a80000, 0x00000000e0000000)
  object space 305664K, 56% used [0x00000000a0000000,0x00000000aa98bbc8,0x00000000b2a80000)
 Metaspace       used 93690K, capacity 99992K, committed 100568K, reserved 1136640K
  class space    used 11844K, capacity 12943K, committed 13056K, reserved 1048576K
GC Heap History (10 events):
Event: 20412.358 GC heap before
{Heap before GC invocations=159 (full 5):
 PSYoungGen      total 210432K, used 171476K [0x00000000e0000000, 0x00000000f3b00000, 0x0000000100000000)
  eden space 171520K, 99% used [0x00000000e0000000,0x00000000ea775168,0x00000000ea780000)
  from space 38912K, 0% used [0x00000000ea780000,0x00000000ea780000,0x00000000ecd80000)
  to   space 66048K, 0% used [0x00000000efa80000,0x00000000efa80000,0x00000000f3b00000)
 ParOldGen       total 305664K, used 156562K [0x00000000a0000000, 0x00000000b2a80000, 0x00000000e0000000)
  object space 305664K, 51% used [0x00000000a0000000,0x00000000a98e48e8,0x00000000b2a80000)
 Metaspace       used 93154K, capacity 99378K, committed 99928K, reserved 1136640K
  class space    used 11808K, capacity 12880K, committed 12928K, reserved 1048576K
Event: 20412.382 GC heap after
Heap after GC invocations=159 (full 5):
 PSYoungGen      total 253440K, used 27558K [0x00000000e0000000, 0x00000000f3680000, 0x0000000100000000)
  eden space 192000K, 0% used [0x00000000e0000000,0x00000000e0000000,0x00000000ebb80000)
  from space 61440K, 44% used [0x00000000efa80000,0x00000000f1569988,0x00000000f3680000)
  to   space 62976K, 0% used [0x00000000ebb80000,0x00000000ebb80000,0x00000000ef900000)
 ParOldGen       total 305664K, used 156570K [0x00000000a0000000, 0x00000000b2a80000, 0x00000000e0000000)
  object space 305664K, 51% used [0x00000000a0000000,0x00000000a98e68e8,0x00000000b2a80000)
 Metaspace       used 93154K, capacity 99378K, committed 99928K, reserved 1136640K
  class space    used 11808K, capacity 12880K, committed 12928K, reserved 1048576K
}
Event: 20412.819 GC heap before
{Heap before GC invocations=160 (full 5):
 PSYoungGen      total 253440K, used 219483K [0x00000000e0000000, 0x00000000f3680000, 0x0000000100000000)
  eden space 192000K, 99% used [0x00000000e0000000,0x00000000ebb6d5f0,0x00000000ebb80000)
  from space 61440K, 44% used [0x00000000efa80000,0x00000000f1569988,0x00000000f3680000)
  to   space 62976K, 0% used [0x00000000ebb80000,0x00000000ebb80000,0x00000000ef900000)
 ParOldGen       total 305664K, used 156570K [0x00000000a0000000, 0x00000000b2a80000, 0x00000000e0000000)
  object space 305664K, 51% used [0x00000000a0000000,0x00000000a98e68e8,0x00000000b2a80000)
 Metaspace       used 93303K, capacity 99548K, committed 100184K, reserved 1136640K
  class space    used 11814K, capacity 12885K, committed 12928K, reserved 1048576K
Event: 20412.841 GC heap after
Heap after GC invocations=160 (full 5):
 PSYoungGen      total 254976K, used 42825K [0x00000000e0000000, 0x00000000f5480000, 0x0000000100000000)
  eden space 192000K, 0% used [0x00000000e0000000,0x00000000e0000000,0x00000000ebb80000)
  from space 62976K, 68% used [0x00000000ebb80000,0x00000000ee552770,0x00000000ef900000)
  to   space 66048K, 0% used [0x00000000f1400000,0x00000000f1400000,0x00000000f5480000)
 ParOldGen       total 305664K, used 156578K [0x00000000a0000000, 0x00000000b2a80000, 0x00000000e0000000)
  object space 305664K, 51% used [0x00000000a0000000,0x00000000a98e88e8,0x00000000b2a80000)
 Metaspace       used 93303K, capacity 99548K, committed 100184K, reserved 1136640K
  class space    used 11814K, capacity 12885K, committed 12928K, reserved 1048576K
}
Event: 20562.647 GC heap before
{Heap before GC invocations=161 (full 5):
 PSYoungGen      total 254976K, used 234825K [0x00000000e0000000, 0x00000000f5480000, 0x0000000100000000)
  eden space 192000K, 100% used [0x00000000e0000000,0x00000000ebb80000,0x00000000ebb80000)
  from space 62976K, 68% used [0x00000000ebb80000,0x00000000ee552770,0x00000000ef900000)
  to   space 66048K, 0% used [0x00000000f1400000,0x00000000f1400000,0x00000000f5480000)
 ParOldGen       total 305664K, used 156578K [0x00000000a0000000, 0x00000000b2a80000, 0x00000000e0000000)
  object space 305664K, 51% used [0x00000000a0000000,0x00000000a98e88e8,0x00000000b2a80000)
 Metaspace       used 93639K, capacity 99928K, committed 100312K, reserved 1136640K
  class space    used 11844K, capacity 12943K, committed 13056K, reserved 1048576K
Event: 20562.666 GC heap after
Heap after GC invocations=161 (full 5):
 PSYoungGen      total 272384K, used 17899K [0x00000000e0000000, 0x00000000f4d00000, 0x0000000100000000)
  eden space 214016K, 0% used [0x00000000e0000000,0x00000000e0000000,0x00000000ed100000)
  from space 58368K, 30% used [0x00000000f1400000,0x00000000f257ad80,0x00000000f4d00000)
  to   space 63488K, 0% used [0x00000000ed100000,0x00000000ed100000,0x00000000f0f00000)
 ParOldGen       total 305664K, used 156586K [0x00000000a0000000, 0x00000000b2a80000, 0x00000000e0000000)
  object space 305664K, 51% used [0x00000000a0000000,0x00000000a98ea8e8,0x00000000b2a80000)
 Metaspace       used 93639K, capacity 99928K, committed 100312K, reserved 1136640K
  class space    used 11844K, capacity 12943K, committed 13056K, reserved 1048576K
}
Event: 20567.299 GC heap before
{Heap before GC invocations=162 (full 5):
 PSYoungGen      total 272384K, used 231915K [0x00000000e0000000, 0x00000000f4d00000, 0x0000000100000000)
  eden space 214016K, 100% used [0x00000000e0000000,0x00000000ed100000,0x00000000ed100000)
  from space 58368K, 30% used [0x00000000f1400000,0x00000000f257ad80,0x00000000f4d00000)
  to   space 63488K, 0% used [0x00000000ed100000,0x00000000ed100000,0x00000000f0f00000)
 ParOldGen       total 305664K, used 156586K [0x00000000a0000000, 0x00000000b2a80000, 0x00000000e0000000)
  object space 305664K, 51% used [0x00000000a0000000,0x00000000a98ea8e8,0x00000000b2a80000)
 Metaspace       used 93649K, capacity 99928K, committed 100312K, reserved 1136640K
  class space    used 11844K, capacity 12943K, committed 13056K, reserved 1048576K
Event: 20567.317 GC heap after
Heap after GC invocations=162 (full 5):
 PSYoungGen      total 277504K, used 22593K [0x00000000e0000000, 0x00000000f5b80000, 0x0000000100000000)
  eden space 214016K, 0% used [0x00000000e0000000,0x00000000e0000000,0x00000000ed100000)
  from space 63488K, 35% used [0x00000000ed100000,0x00000000ee710628,0x00000000f0f00000)
  to   space 59904K, 0% used [0x00000000f2100000,0x00000000f2100000,0x00000000f5b80000)
 ParOldGen       total 305664K, used 156594K [0x00000000a0000000, 0x00000000b2a80000, 0x00000000e0000000)
  object space 305664K, 51% used [0x00000000a0000000,0x00000000a98ec8e8,0x00000000b2a80000)
 Metaspace       used 93649K, capacity 99928K, committed 100312K, reserved 1136640K
  class space    used 11844K, capacity 12943K, committed 13056K, reserved 1048576K
}
Event: 20568.670 GC heap before
{Heap before GC invocations=163 (full 5):
 PSYoungGen      total 277504K, used 236609K [0x00000000e0000000, 0x00000000f5b80000, 0x0000000100000000)
  eden space 214016K, 100% used [0x00000000e0000000,0x00000000ed100000,0x00000000ed100000)
  from space 63488K, 35% used [0x00000000ed100000,0x00000000ee710628,0x00000000f0f00000)
  to   space 59904K, 0% used [0x00000000f2100000,0x00000000f2100000,0x00000000f5b80000)
 ParOldGen       total 305664K, used 156594K [0x00000000a0000000, 0x00000000b2a80000, 0x00000000e0000000)
  object space 305664K, 51% used [0x00000000a0000000,0x00000000a98ec8e8,0x00000000b2a80000)
 Metaspace       used 93688K, capacity 99992K, committed 100568K, reserved 1136640K
  class space    used 11844K, capacity 12943K, committed 13056K, reserved 1048576K
Event: 20568.722 GC heap after
Heap after GC invocations=163 (full 5):
 PSYoungGen      total 280064K, used 59879K [0x00000000e0000000, 0x00000000f7d00000, 0x0000000100000000)
  eden space 220160K, 0% used [0x00000000e0000000,0x00000000e0000000,0x00000000ed700000)
  from space 59904K, 99% used [0x00000000f2100000,0x00000000f5b79dc8,0x00000000f5b80000)
  to   space 75776K, 0% used [0x00000000ed700000,0x00000000ed700000,0x00000000f2100000)
 ParOldGen       total 305664K, used 173614K [0x00000000a0000000, 0x00000000b2a80000, 0x00000000e0000000)
  object space 305664K, 56% used [0x00000000a0000000,0x00000000aa98bbc8,0x00000000b2a80000)
 Metaspace       used 93688K, capacity 99992K, committed 100568K, reserved 1136640K
  class space    used 11844K, capacity 12943K, committed 13056K, reserved 1048576K
}

