# JRE version: OpenJDK Runtime Environment (8.0_202-b03) (build 1.8.0_202-release-1483-b03)
# Java VM: OpenJDK 64-Bit Server VM (25.202-b03 mixed mode windows-amd64 compressed oops)
Heap:
 PSYoungGen      total 468480K, used 445104K [0x00000000e0000000, 0x00000000ffa00000, 0x0000000100000000)
  eden space 425984K, 100% used [0x00000000e0000000,0x00000000fa000000,0x00000000fa000000)
  from space 42496K, 44% used [0x00000000fd080000,0x00000000fe32c1b0,0x00000000ffa00000)
  to   space 46080K, 10% used [0x00000000fa000000,0x00000000fa4b1168,0x00000000fcd00000)
 ParOldGen       total 330240K, used 285150K [0x00000000a0000000, 0x00000000b4280000, 0x00000000e0000000)
  object space 330240K, 86% used [0x00000000a0000000,0x00000000b167b958,0x00000000b4280000)
 Metaspace       used 99813K, capacity 104378K, committed 105432K, reserved 1140736K
  class space    used 12420K, capacity 13328K, committed 13568K, reserved 1048576K
GC Heap History (10 events):
Event: 4586.302 GC heap before
{Heap before GC invocations=83 (full 7):
 PSYoungGen      total 454656K, used 404114K [0x00000000e0000000, 0x0000000100000000, 0x0000000100000000)
  eden space 393728K, 100% used [0x00000000e0000000,0x00000000f8080000,0x00000000f8080000)
  from space 60928K, 17% used [0x00000000f8080000,0x00000000f8aa4810,0x00000000fbc00000)
  to   space 59392K, 0% used [0x00000000fc600000,0x00000000fc600000,0x0000000100000000)
 ParOldGen       total 330240K, used 211629K [0x00000000a0000000, 0x00000000b4280000, 0x00000000e0000000)
  object space 330240K, 64% used [0x00000000a0000000,0x00000000aceab6d0,0x00000000b4280000)
 Metaspace       used 99795K, capacity 104378K, committed 105432K, reserved 1140736K
  class space    used 12420K, capacity 13328K, committed 13568K, reserved 1048576K
Event: 4586.334 GC heap after
Heap after GC invocations=83 (full 7):
 PSYoungGen      total 454656K, used 21448K [0x00000000e0000000, 0x00000000ff780000, 0x0000000100000000)
  eden space 403968K, 0% used [0x00000000e0000000,0x00000000e0000000,0x00000000f8a80000)
  from space 50688K, 42% used [0x00000000fc600000,0x00000000fdaf2098,0x00000000ff780000)
  to   space 55808K, 0% used [0x00000000f8a80000,0x00000000f8a80000,0x00000000fc100000)
 ParOldGen       total 330240K, used 217856K [0x00000000a0000000, 0x00000000b4280000, 0x00000000e0000000)
  object space 330240K, 65% used [0x00000000a0000000,0x00000000ad4c00c8,0x00000000b4280000)
 Metaspace       used 99795K, capacity 104378K, committed 105432K, reserved 1140736K
  class space    used 12420K, capacity 13328K, committed 13568K, reserved 1048576K
}
Event: 4586.848 GC heap before
{Heap before GC invocations=84 (full 7):
 PSYoungGen      total 454656K, used 425416K [0x00000000e0000000, 0x00000000ff780000, 0x0000000100000000)
  eden space 403968K, 100% used [0x00000000e0000000,0x00000000f8a80000,0x00000000f8a80000)
  from space 50688K, 42% used [0x00000000fc600000,0x00000000fdaf2098,0x00000000ff780000)
  to   space 55808K, 0% used [0x00000000f8a80000,0x00000000f8a80000,0x00000000fc100000)
 ParOldGen       total 330240K, used 218157K [0x00000000a0000000, 0x00000000b4280000, 0x00000000e0000000)
  object space 330240K, 66% used [0x00000000a0000000,0x00000000ad50b778,0x00000000b4280000)
 Metaspace       used 99804K, capacity 104378K, committed 105432K, reserved 1140736K
  class space    used 12420K, capacity 13328K, committed 13568K, reserved 1048576K
Event: 4586.874 GC heap after
Heap after GC invocations=84 (full 7):
 PSYoungGen      total 459776K, used 20888K [0x00000000e0000000, 0x00000000fff00000, 0x0000000100000000)
  eden space 403968K, 0% used [0x00000000e0000000,0x00000000e0000000,0x00000000f8a80000)
  from space 55808K, 37% used [0x00000000f8a80000,0x00000000f9ee6140,0x00000000fc100000)
  to   space 52736K, 0% used [0x00000000fcb80000,0x00000000fcb80000,0x00000000fff00000)
 ParOldGen       total 330240K, used 232898K [0x00000000a0000000, 0x00000000b4280000, 0x00000000e0000000)
  object space 330240K, 70% used [0x00000000a0000000,0x00000000ae370a70,0x00000000b4280000)
 Metaspace       used 99804K, capacity 104378K, committed 105432K, reserved 1140736K
  class space    used 12420K, capacity 13328K, committed 13568K, reserved 1048576K
}
Event: 4587.332 GC heap before
{Heap before GC invocations=85 (full 7):
 PSYoungGen      total 459776K, used 424856K [0x00000000e0000000, 0x00000000fff00000, 0x0000000100000000)
  eden space 403968K, 100% used [0x00000000e0000000,0x00000000f8a80000,0x00000000f8a80000)
  from space 55808K, 37% used [0x00000000f8a80000,0x00000000f9ee6140,0x00000000fc100000)
  to   space 52736K, 0% used [0x00000000fcb80000,0x00000000fcb80000,0x00000000fff00000)
 ParOldGen       total 330240K, used 232900K [0x00000000a0000000, 0x00000000b4280000, 0x00000000e0000000)
  object space 330240K, 70% used [0x00000000a0000000,0x00000000ae3711a8,0x00000000b4280000)
 Metaspace       used 99809K, capacity 104378K, committed 105432K, reserved 1140736K
  class space    used 12420K, capacity 13328K, committed 13568K, reserved 1048576K
Event: 4587.362 GC heap after
Heap after GC invocations=85 (full 7):
 PSYoungGen      total 460288K, used 22466K [0x00000000e0000000, 0x00000000ff700000, 0x0000000100000000)
  eden space 415744K, 0% used [0x00000000e0000000,0x00000000e0000000,0x00000000f9600000)
  from space 44544K, 50% used [0x00000000fcb80000,0x00000000fe170a08,0x00000000ff700000)
  to   space 49664K, 0% used [0x00000000f9600000,0x00000000f9600000,0x00000000fc680000)
 ParOldGen       total 330240K, used 247476K [0x00000000a0000000, 0x00000000b4280000, 0x00000000e0000000)
  object space 330240K, 74% used [0x00000000a0000000,0x00000000af1ad320,0x00000000b4280000)
 Metaspace       used 99809K, capacity 104378K, committed 105432K, reserved 1140736K
  class space    used 12420K, capacity 13328K, committed 13568K, reserved 1048576K
}
Event: 4587.765 GC heap before
{Heap before GC invocations=86 (full 7):
 PSYoungGen      total 460288K, used 438204K [0x00000000e0000000, 0x00000000ff700000, 0x0000000100000000)
  eden space 415744K, 99% used [0x00000000e0000000,0x00000000f95fe9e8,0x00000000f9600000)
  from space 44544K, 50% used [0x00000000fcb80000,0x00000000fe170a08,0x00000000ff700000)
  to   space 49664K, 0% used [0x00000000f9600000,0x00000000f9600000,0x00000000fc680000)
 ParOldGen       total 330240K, used 247476K [0x00000000a0000000, 0x00000000b4280000, 0x00000000e0000000)
  object space 330240K, 74% used [0x00000000a0000000,0x00000000af1ad320,0x00000000b4280000)
 Metaspace       used 99810K, capacity 104378K, committed 105432K, reserved 1140736K
  class space    used 12420K, capacity 13328K, committed 13568K, reserved 1048576K
Event: 4587.784 GC heap after
Heap after GC invocations=86 (full 7):
 PSYoungGen      total 465408K, used 12697K [0x00000000e0000000, 0x0000000100000000, 0x0000000100000000)
  eden space 415744K, 0% used [0x00000000e0000000,0x00000000e0000000,0x00000000f9600000)
  from space 49664K, 25% used [0x00000000f9600000,0x00000000fa266430,0x00000000fc680000)
  to   space 48640K, 0% used [0x00000000fd080000,0x00000000fd080000,0x0000000100000000)
 ParOldGen       total 330240K, used 264060K [0x00000000a0000000, 0x00000000b4280000, 0x00000000e0000000)
  object space 330240K, 79% used [0x00000000a0000000,0x00000000b01df360,0x00000000b4280000)
 Metaspace       used 99810K, capacity 104378K, committed 105432K, reserved 1140736K
  class space    used 12420K, capacity 13328K, committed 13568K, reserved 1048576K
}
Event: 4588.181 GC heap before
{Heap before GC invocations=87 (full 7):
 PSYoungGen      total 465408K, used 428441K [0x00000000e0000000, 0x0000000100000000, 0x0000000100000000)
  eden space 415744K, 100% used [0x00000000e0000000,0x00000000f9600000,0x00000000f9600000)
  from space 49664K, 25% used [0x00000000f9600000,0x00000000fa266430,0x00000000fc680000)
  to   space 48640K, 0% used [0x00000000fd080000,0x00000000fd080000,0x0000000100000000)
 ParOldGen       total 330240K, used 264060K [0x00000000a0000000, 0x00000000b4280000, 0x00000000e0000000)
  object space 330240K, 79% used [0x00000000a0000000,0x00000000b01df360,0x00000000b4280000)
 Metaspace       used 99812K, capacity 104378K, committed 105432K, reserved 1140736K
  class space    used 12420K, capacity 13328K, committed 13568K, reserved 1048576K
Event: 4588.207 GC heap after
Heap after GC invocations=87 (full 7):
 PSYoungGen      total 468480K, used 19120K [0x00000000e0000000, 0x00000000ffa00000, 0x0000000100000000)
  eden space 425984K, 0% used [0x00000000e0000000,0x00000000e0000000,0x00000000fa000000)
  from space 42496K, 44% used [0x00000000fd080000,0x00000000fe32c1b0,0x00000000ffa00000)
  to   space 46080K, 0% used [0x00000000fa000000,0x00000000fa000000,0x00000000fcd00000)
 ParOldGen       total 330240K, used 273094K [0x00000000a0000000, 0x00000000b4280000, 0x00000000e0000000)
  object space 330240K, 82% used [0x00000000a0000000,0x00000000b0ab1888,0x00000000b4280000)
 Metaspace       used 99812K, capacity 104378K, committed 105432K, reserved 1140736K
  class space    used 12420K, capacity 13328K, committed 13568K, reserved 1048576K
}

