# JRE version: OpenJDK Runtime Environment (8.0_202-b03) (build 1.8.0_202-release-1483-b03)
# Java VM: OpenJDK 64-Bit Server VM (25.202-b03 mixed mode windows-amd64 compressed oops)
Heap:
 PSYoungGen      total 477696K, used 253288K [0x00000000e0000000, 0x00000000ffd00000, 0x0000000100000000)
  eden space 433664K, 55% used [0x00000000e0000000,0x00000000eec98f38,0x00000000fa780000)
  from space 44032K, 25% used [0x00000000fa780000,0x00000000fb2410e0,0x00000000fd280000)
  to   space 41984K, 0% used [0x00000000fd400000,0x00000000fd400000,0x00000000ffd00000)
 ParOldGen       total 214528K, used 159917K [0x00000000a0000000, 0x00000000ad180000, 0x00000000e0000000)
  object space 214528K, 74% used [0x00000000a0000000,0x00000000a9c2b568,0x00000000ad180000)
 Metaspace       used 91864K, capacity 95854K, committed 96000K, reserved 1132544K
  class space    used 11674K, capacity 12423K, committed 12544K, reserved 1048576K
GC Heap History (10 events):
Event: 2088.333 GC heap before
{Heap before GC invocations=45 (full 4):
 PSYoungGen      total 475136K, used 438300K [0x00000000e0000000, 0x00000000ffe80000, 0x0000000100000000)
  eden space 427008K, 100% used [0x00000000e0000000,0x00000000fa100000,0x00000000fa100000)
  from space 48128K, 23% used [0x00000000fcf80000,0x00000000fda87248,0x00000000ffe80000)
  to   space 47616K, 0% used [0x00000000fa100000,0x00000000fa100000,0x00000000fcf80000)
 ParOldGen       total 214528K, used 130420K [0x00000000a0000000, 0x00000000ad180000, 0x00000000e0000000)
  object space 214528K, 60% used [0x00000000a0000000,0x00000000a7f5d1e0,0x00000000ad180000)
 Metaspace       used 91706K, capacity 95782K, committed 96000K, reserved 1132544K
  class space    used 11667K, capacity 12423K, committed 12544K, reserved 1048576K
Event: 2088.355 GC heap after
Heap after GC invocations=45 (full 4):
 PSYoungGen      total 474624K, used 7344K [0x00000000e0000000, 0x00000000ffe80000, 0x0000000100000000)
  eden space 427008K, 0% used [0x00000000e0000000,0x00000000e0000000,0x00000000fa100000)
  from space 47616K, 15% used [0x00000000fa100000,0x00000000fa82c010,0x00000000fcf80000)
  to   space 47104K, 0% used [0x00000000fd080000,0x00000000fd080000,0x00000000ffe80000)
 ParOldGen       total 214528K, used 139374K [0x00000000a0000000, 0x00000000ad180000, 0x00000000e0000000)
  object space 214528K, 64% used [0x00000000a0000000,0x00000000a881bbe8,0x00000000ad180000)
 Metaspace       used 91706K, capacity 95782K, committed 96000K, reserved 1132544K
  class space    used 11667K, capacity 12423K, committed 12544K, reserved 1048576K
}
Event: 2089.515 GC heap before
{Heap before GC invocations=46 (full 4):
 PSYoungGen      total 474624K, used 434352K [0x00000000e0000000, 0x00000000ffe80000, 0x0000000100000000)
  eden space 427008K, 100% used [0x00000000e0000000,0x00000000fa100000,0x00000000fa100000)
  from space 47616K, 15% used [0x00000000fa100000,0x00000000fa82c010,0x00000000fcf80000)
  to   space 47104K, 0% used [0x00000000fd080000,0x00000000fd080000,0x00000000ffe80000)
 ParOldGen       total 214528K, used 139374K [0x00000000a0000000, 0x00000000ad180000, 0x00000000e0000000)
  object space 214528K, 64% used [0x00000000a0000000,0x00000000a881bbe8,0x00000000ad180000)
 Metaspace       used 91739K, capacity 95782K, committed 96000K, reserved 1132544K
  class space    used 11667K, capacity 12423K, committed 12544K, reserved 1048576K
Event: 2089.547 GC heap after
Heap after GC invocations=46 (full 4):
 PSYoungGen      total 474624K, used 12853K [0x00000000e0000000, 0x00000000ffc80000, 0x0000000100000000)
  eden space 429568K, 0% used [0x00000000e0000000,0x00000000e0000000,0x00000000fa380000)
  from space 45056K, 28% used [0x00000000fd080000,0x00000000fdd0d770,0x00000000ffc80000)
  to   space 45568K, 0% used [0x00000000fa380000,0x00000000fa380000,0x00000000fd000000)
 ParOldGen       total 214528K, used 144268K [0x00000000a0000000, 0x00000000ad180000, 0x00000000e0000000)
  object space 214528K, 67% used [0x00000000a0000000,0x00000000a8ce3118,0x00000000ad180000)
 Metaspace       used 91739K, capacity 95782K, committed 96000K, reserved 1132544K
  class space    used 11667K, capacity 12423K, committed 12544K, reserved 1048576K
}
Event: 2090.314 GC heap before
{Heap before GC invocations=47 (full 4):
 PSYoungGen      total 474624K, used 442421K [0x00000000e0000000, 0x00000000ffc80000, 0x0000000100000000)
  eden space 429568K, 100% used [0x00000000e0000000,0x00000000fa380000,0x00000000fa380000)
  from space 45056K, 28% used [0x00000000fd080000,0x00000000fdd0d770,0x00000000ffc80000)
  to   space 45568K, 0% used [0x00000000fa380000,0x00000000fa380000,0x00000000fd000000)
 ParOldGen       total 214528K, used 144268K [0x00000000a0000000, 0x00000000ad180000, 0x00000000e0000000)
  object space 214528K, 67% used [0x00000000a0000000,0x00000000a8ce3118,0x00000000ad180000)
 Metaspace       used 91760K, capacity 95790K, committed 96000K, reserved 1132544K
  class space    used 11667K, capacity 12423K, committed 12544K, reserved 1048576K
Event: 2090.343 GC heap after
Heap after GC invocations=47 (full 4):
 PSYoungGen      total 475136K, used 7296K [0x00000000e0000000, 0x00000000fff80000, 0x0000000100000000)
  eden space 429568K, 0% used [0x00000000e0000000,0x00000000e0000000,0x00000000fa380000)
  from space 45568K, 16% used [0x00000000fa380000,0x00000000faaa0030,0x00000000fd000000)
  to   space 45056K, 0% used [0x00000000fd380000,0x00000000fd380000,0x00000000fff80000)
 ParOldGen       total 214528K, used 152229K [0x00000000a0000000, 0x00000000ad180000, 0x00000000e0000000)
  object space 214528K, 70% used [0x00000000a0000000,0x00000000a94a97e0,0x00000000ad180000)
 Metaspace       used 91760K, capacity 95790K, committed 96000K, reserved 1132544K
  class space    used 11667K, capacity 12423K, committed 12544K, reserved 1048576K
}
Event: 2091.331 GC heap before
{Heap before GC invocations=48 (full 4):
 PSYoungGen      total 475136K, used 436864K [0x00000000e0000000, 0x00000000fff80000, 0x0000000100000000)
  eden space 429568K, 100% used [0x00000000e0000000,0x00000000fa380000,0x00000000fa380000)
  from space 45568K, 16% used [0x00000000fa380000,0x00000000faaa0030,0x00000000fd000000)
  to   space 45056K, 0% used [0x00000000fd380000,0x00000000fd380000,0x00000000fff80000)
 ParOldGen       total 214528K, used 152229K [0x00000000a0000000, 0x00000000ad180000, 0x00000000e0000000)
  object space 214528K, 70% used [0x00000000a0000000,0x00000000a94a97e0,0x00000000ad180000)
 Metaspace       used 91813K, capacity 95854K, committed 96000K, reserved 1132544K
  class space    used 11673K, capacity 12423K, committed 12544K, reserved 1048576K
Event: 2091.356 GC heap after
Heap after GC invocations=48 (full 4):
 PSYoungGen      total 476672K, used 8274K [0x00000000e0000000, 0x00000000ffd80000, 0x0000000100000000)
  eden space 433664K, 0% used [0x00000000e0000000,0x00000000e0000000,0x00000000fa780000)
  from space 43008K, 19% used [0x00000000fd380000,0x00000000fdb948e8,0x00000000ffd80000)
  to   space 44032K, 0% used [0x00000000fa780000,0x00000000fa780000,0x00000000fd280000)
 ParOldGen       total 214528K, used 156446K [0x00000000a0000000, 0x00000000ad180000, 0x00000000e0000000)
  object space 214528K, 72% used [0x00000000a0000000,0x00000000a98c7860,0x00000000ad180000)
 Metaspace       used 91813K, capacity 95854K, committed 96000K, reserved 1132544K
  class space    used 11673K, capacity 12423K, committed 12544K, reserved 1048576K
}
Event: 2092.703 GC heap before
{Heap before GC invocations=49 (full 4):
 PSYoungGen      total 476672K, used 441938K [0x00000000e0000000, 0x00000000ffd80000, 0x0000000100000000)
  eden space 433664K, 100% used [0x00000000e0000000,0x00000000fa780000,0x00000000fa780000)
  from space 43008K, 19% used [0x00000000fd380000,0x00000000fdb948e8,0x00000000ffd80000)
  to   space 44032K, 0% used [0x00000000fa780000,0x00000000fa780000,0x00000000fd280000)
 ParOldGen       total 214528K, used 156446K [0x00000000a0000000, 0x00000000ad180000, 0x00000000e0000000)
  object space 214528K, 72% used [0x00000000a0000000,0x00000000a98c7860,0x00000000ad180000)
 Metaspace       used 91854K, capacity 95854K, committed 96000K, reserved 1132544K
  class space    used 11674K, capacity 12423K, committed 12544K, reserved 1048576K
Event: 2092.734 GC heap after
Heap after GC invocations=49 (full 4):
 PSYoungGen      total 477696K, used 11012K [0x00000000e0000000, 0x00000000ffd00000, 0x0000000100000000)
  eden space 433664K, 0% used [0x00000000e0000000,0x00000000e0000000,0x00000000fa780000)
  from space 44032K, 25% used [0x00000000fa780000,0x00000000fb2410e0,0x00000000fd280000)
  to   space 41984K, 0% used [0x00000000fd400000,0x00000000fd400000,0x00000000ffd00000)
 ParOldGen       total 214528K, used 159917K [0x00000000a0000000, 0x00000000ad180000, 0x00000000e0000000)
  object space 214528K, 74% used [0x00000000a0000000,0x00000000a9c2b568,0x00000000ad180000)
 Metaspace       used 91854K, capacity 95854K, committed 96000K, reserved 1132544K
  class space    used 11674K, capacity 12423K, committed 12544K, reserved 1048576K
}

