# JRE version: OpenJDK Runtime Environment (8.0_202-b03) (build 1.8.0_202-release-1483-b03)
# Java VM: OpenJDK 64-Bit Server VM (25.202-b03 mixed mode windows-amd64 compressed oops)
Heap:
 PSYoungGen      total 241152K, used 153641K [0x00000000e0000000, 0x00000000efa80000, 0x0000000100000000)
  eden space 225280K, 68% used [0x00000000e0000000,0x00000000e960a7e0,0x00000000edc00000)
  from space 15872K, 0% used [0x00000000eeb00000,0x00000000eeb00000,0x00000000efa80000)
  to   space 15360K, 0% used [0x00000000edc00000,0x00000000edc00000,0x00000000eeb00000)
 ParOldGen       total 93184K, used 17224K [0x00000000a0000000, 0x00000000a5b00000, 0x00000000e0000000)
  object space 93184K, 18% used [0x00000000a0000000,0x00000000a10d21c8,0x00000000a5b00000)
 Metaspace       used 49070K, capacity 50316K, committed 50520K, reserved 1093632K
  class space    used 6612K, capacity 6917K, committed 7040K, reserved 1048576K
GC Heap History (10 events):
Event: 6.989 GC heap before
{Heap before GC invocations=4 (full 0):
 PSYoungGen      total 70656K, used 53472K [0x00000000e0000000, 0x00000000e8a00000, 0x0000000100000000)
  eden space 65536K, 73% used [0x00000000e0000000,0x00000000e2f3dd80,0x00000000e4000000)
  from space 5120K, 99% used [0x00000000e4000000,0x00000000e44fa650,0x00000000e4500000)
  to   space 5120K, 0% used [0x00000000e8500000,0x00000000e8500000,0x00000000e8a00000)
 ParOldGen       total 86016K, used 5489K [0x00000000a0000000, 0x00000000a5400000, 0x00000000e0000000)
  object space 86016K, 6% used [0x00000000a0000000,0x00000000a055c4e8,0x00000000a5400000)
 Metaspace       used 20743K, capacity 21132K, committed 21248K, reserved 1067008K
  class space    used 2919K, capacity 3066K, committed 3072K, reserved 1048576K
Event: 6.996 GC heap after
Heap after GC invocations=4 (full 0):
 PSYoungGen      total 136192K, used 5097K [0x00000000e0000000, 0x00000000e8a00000, 0x0000000100000000)
  eden space 131072K, 0% used [0x00000000e0000000,0x00000000e0000000,0x00000000e8000000)
  from space 5120K, 99% used [0x00000000e8500000,0x00000000e89fa660,0x00000000e8a00000)
  to   space 5120K, 0% used [0x00000000e8000000,0x00000000e8000000,0x00000000e8500000)
 ParOldGen       total 86016K, used 11185K [0x00000000a0000000, 0x00000000a5400000, 0x00000000e0000000)
  object space 86016K, 13% used [0x00000000a0000000,0x00000000a0aec6e8,0x00000000a5400000)
 Metaspace       used 20743K, capacity 21132K, committed 21248K, reserved 1067008K
  class space    used 2919K, capacity 3066K, committed 3072K, reserved 1048576K
}
Event: 6.996 GC heap before
{Heap before GC invocations=5 (full 1):
 PSYoungGen      total 136192K, used 5097K [0x00000000e0000000, 0x00000000e8a00000, 0x0000000100000000)
  eden space 131072K, 0% used [0x00000000e0000000,0x00000000e0000000,0x00000000e8000000)
  from space 5120K, 99% used [0x00000000e8500000,0x00000000e89fa660,0x00000000e8a00000)
  to   space 5120K, 0% used [0x00000000e8000000,0x00000000e8000000,0x00000000e8500000)
 ParOldGen       total 86016K, used 11185K [0x00000000a0000000, 0x00000000a5400000, 0x00000000e0000000)
  object space 86016K, 13% used [0x00000000a0000000,0x00000000a0aec6e8,0x00000000a5400000)
 Metaspace       used 20743K, capacity 21132K, committed 21248K, reserved 1067008K
  class space    used 2919K, capacity 3066K, committed 3072K, reserved 1048576K
Event: 7.025 GC heap after
Heap after GC invocations=5 (full 1):
 PSYoungGen      total 136192K, used 0K [0x00000000e0000000, 0x00000000e8a00000, 0x0000000100000000)
  eden space 131072K, 0% used [0x00000000e0000000,0x00000000e0000000,0x00000000e8000000)
  from space 5120K, 0% used [0x00000000e8500000,0x00000000e8500000,0x00000000e8a00000)
  to   space 5120K, 0% used [0x00000000e8000000,0x00000000e8000000,0x00000000e8500000)
 ParOldGen       total 61440K, used 11000K [0x00000000a0000000, 0x00000000a3c00000, 0x00000000e0000000)
  object space 61440K, 17% used [0x00000000a0000000,0x00000000a0abe310,0x00000000a3c00000)
 Metaspace       used 20743K, capacity 21132K, committed 21248K, reserved 1067008K
  class space    used 2919K, capacity 3066K, committed 3072K, reserved 1048576K
}
Event: 8.489 GC heap before
{Heap before GC invocations=6 (full 1):
 PSYoungGen      total 136192K, used 131072K [0x00000000e0000000, 0x00000000e8a00000, 0x0000000100000000)
  eden space 131072K, 100% used [0x00000000e0000000,0x00000000e8000000,0x00000000e8000000)
  from space 5120K, 0% used [0x00000000e8500000,0x00000000e8500000,0x00000000e8a00000)
  to   space 5120K, 0% used [0x00000000e8000000,0x00000000e8000000,0x00000000e8500000)
 ParOldGen       total 61440K, used 11000K [0x00000000a0000000, 0x00000000a3c00000, 0x00000000e0000000)
  object space 61440K, 17% used [0x00000000a0000000,0x00000000a0abe310,0x00000000a3c00000)
 Metaspace       used 31808K, capacity 32356K, committed 32768K, reserved 1077248K
  class space    used 4377K, capacity 4535K, committed 4608K, reserved 1048576K
Event: 8.506 GC heap after
Heap after GC invocations=6 (full 1):
 PSYoungGen      total 136192K, used 5104K [0x00000000e0000000, 0x00000000efa80000, 0x0000000100000000)
  eden space 131072K, 0% used [0x00000000e0000000,0x00000000e0000000,0x00000000e8000000)
  from space 5120K, 99% used [0x00000000e8000000,0x00000000e84fc010,0x00000000e8500000)
  to   space 15872K, 0% used [0x00000000eeb00000,0x00000000eeb00000,0x00000000efa80000)
 ParOldGen       total 61440K, used 18626K [0x00000000a0000000, 0x00000000a3c00000, 0x00000000e0000000)
  object space 61440K, 30% used [0x00000000a0000000,0x00000000a1230bf0,0x00000000a3c00000)
 Metaspace       used 31808K, capacity 32356K, committed 32768K, reserved 1077248K
  class space    used 4377K, capacity 4535K, committed 4608K, reserved 1048576K
}
Event: 9.558 GC heap before
{Heap before GC invocations=7 (full 1):
 PSYoungGen      total 136192K, used 58474K [0x00000000e0000000, 0x00000000efa80000, 0x0000000100000000)
  eden space 131072K, 40% used [0x00000000e0000000,0x00000000e341e998,0x00000000e8000000)
  from space 5120K, 99% used [0x00000000e8000000,0x00000000e84fc010,0x00000000e8500000)
  to   space 15872K, 0% used [0x00000000eeb00000,0x00000000eeb00000,0x00000000efa80000)
 ParOldGen       total 61440K, used 18626K [0x00000000a0000000, 0x00000000a3c00000, 0x00000000e0000000)
  object space 61440K, 30% used [0x00000000a0000000,0x00000000a1230bf0,0x00000000a3c00000)
 Metaspace       used 34533K, capacity 35262K, committed 35416K, reserved 1079296K
  class space    used 4749K, capacity 4948K, committed 4992K, reserved 1048576K
Event: 9.571 GC heap after
Heap after GC invocations=7 (full 1):
 PSYoungGen      total 241152K, used 10210K [0x00000000e0000000, 0x00000000efa80000, 0x0000000100000000)
  eden space 225280K, 0% used [0x00000000e0000000,0x00000000e0000000,0x00000000edc00000)
  from space 15872K, 64% used [0x00000000eeb00000,0x00000000ef4f8818,0x00000000efa80000)
  to   space 15360K, 0% used [0x00000000edc00000,0x00000000edc00000,0x00000000eeb00000)
 ParOldGen       total 61440K, used 18634K [0x00000000a0000000, 0x00000000a3c00000, 0x00000000e0000000)
  object space 61440K, 30% used [0x00000000a0000000,0x00000000a1232bf0,0x00000000a3c00000)
 Metaspace       used 34533K, capacity 35262K, committed 35416K, reserved 1079296K
  class space    used 4749K, capacity 4948K, committed 4992K, reserved 1048576K
}
Event: 9.571 GC heap before
{Heap before GC invocations=8 (full 2):
 PSYoungGen      total 241152K, used 10210K [0x00000000e0000000, 0x00000000efa80000, 0x0000000100000000)
  eden space 225280K, 0% used [0x00000000e0000000,0x00000000e0000000,0x00000000edc00000)
  from space 15872K, 64% used [0x00000000eeb00000,0x00000000ef4f8818,0x00000000efa80000)
  to   space 15360K, 0% used [0x00000000edc00000,0x00000000edc00000,0x00000000eeb00000)
 ParOldGen       total 61440K, used 18634K [0x00000000a0000000, 0x00000000a3c00000, 0x00000000e0000000)
  object space 61440K, 30% used [0x00000000a0000000,0x00000000a1232bf0,0x00000000a3c00000)
 Metaspace       used 34533K, capacity 35262K, committed 35416K, reserved 1079296K
  class space    used 4749K, capacity 4948K, committed 4992K, reserved 1048576K
Event: 9.627 GC heap after
Heap after GC invocations=8 (full 2):
 PSYoungGen      total 241152K, used 0K [0x00000000e0000000, 0x00000000efa80000, 0x0000000100000000)
  eden space 225280K, 0% used [0x00000000e0000000,0x00000000e0000000,0x00000000edc00000)
  from space 15872K, 0% used [0x00000000eeb00000,0x00000000eeb00000,0x00000000efa80000)
  to   space 15360K, 0% used [0x00000000edc00000,0x00000000edc00000,0x00000000eeb00000)
 ParOldGen       total 93184K, used 17224K [0x00000000a0000000, 0x00000000a5b00000, 0x00000000e0000000)
  object space 93184K, 18% used [0x00000000a0000000,0x00000000a10d21c8,0x00000000a5b00000)
 Metaspace       used 34513K, capacity 35196K, committed 35416K, reserved 1079296K
  class space    used 4743K, capacity 4937K, committed 4992K, reserved 1048576K
}

