# JRE version: OpenJDK Runtime Environment (8.0_202-b03) (build 1.8.0_202-release-1483-b03)
# Java VM: OpenJDK 64-Bit Server VM (25.202-b03 mixed mode windows-amd64 compressed oops)
Heap:
 PSYoungGen      total 454144K, used 63017K [0x00000000e0000000, 0x0000000100000000, 0x0000000100000000)
  eden space 384000K, 13% used [0x00000000e0000000,0x00000000e347a308,0x00000000f7700000)
  from space 70144K, 13% used [0x00000000f7700000,0x00000000f8010198,0x00000000fbb80000)
  to   space 70144K, 0% used [0x00000000fbb80000,0x00000000fbb80000,0x0000000100000000)
 ParOldGen       total 172544K, used 123249K [0x00000000a0000000, 0x00000000aa880000, 0x00000000e0000000)
  object space 172544K, 71% used [0x00000000a0000000,0x00000000a785c590,0x00000000aa880000)
 Metaspace       used 158429K, capacity 166076K, committed 166656K, reserved 1193984K
  class space    used 19720K, capacity 21178K, committed 21300K, reserved 1048576K
GC Heap History (10 events):
Event: 897.929 GC heap before
{Heap before GC invocations=32 (full 4):
 PSYoungGen      total 390656K, used 390647K [0x00000000e0000000, 0x00000000fed80000, 0x0000000100000000)
  eden space 338432K, 100% used [0x00000000e0000000,0x00000000f4a80000,0x00000000f4a80000)
  from space 52224K, 99% used [0x00000000f4a80000,0x00000000f7d7dcf8,0x00000000f7d80000)
  to   space 64000K, 0% used [0x00000000faf00000,0x00000000faf00000,0x00000000fed80000)
 ParOldGen       total 172544K, used 74280K [0x00000000a0000000, 0x00000000aa880000, 0x00000000e0000000)
  object space 172544K, 43% used [0x00000000a0000000,0x00000000a488a068,0x00000000aa880000)
 Metaspace       used 131771K, capacity 137854K, committed 138188K, reserved 1169408K
  class space    used 16211K, capacity 17351K, committed 17408K, reserved 1048576K
Event: 897.972 GC heap after
Heap after GC invocations=32 (full 4):
 PSYoungGen      total 425984K, used 32637K [0x00000000e0000000, 0x00000000fe480000, 0x0000000100000000)
  eden space 371200K, 0% used [0x00000000e0000000,0x00000000e0000000,0x00000000f6a80000)
  from space 54784K, 59% used [0x00000000faf00000,0x00000000fcedf710,0x00000000fe480000)
  to   space 62464K, 0% used [0x00000000f6a80000,0x00000000f6a80000,0x00000000fa780000)
 ParOldGen       total 172544K, used 99407K [0x00000000a0000000, 0x00000000aa880000, 0x00000000e0000000)
  object space 172544K, 57% used [0x00000000a0000000,0x00000000a6113e60,0x00000000aa880000)
 Metaspace       used 131771K, capacity 137854K, committed 138188K, reserved 1169408K
  class space    used 16211K, capacity 17351K, committed 17408K, reserved 1048576K
}
Event: 905.253 GC heap before
{Heap before GC invocations=33 (full 4):
 PSYoungGen      total 425984K, used 403837K [0x00000000e0000000, 0x00000000fe480000, 0x0000000100000000)
  eden space 371200K, 100% used [0x00000000e0000000,0x00000000f6a80000,0x00000000f6a80000)
  from space 54784K, 59% used [0x00000000faf00000,0x00000000fcedf710,0x00000000fe480000)
  to   space 62464K, 0% used [0x00000000f6a80000,0x00000000f6a80000,0x00000000fa780000)
 ParOldGen       total 172544K, used 99407K [0x00000000a0000000, 0x00000000aa880000, 0x00000000e0000000)
  object space 172544K, 57% used [0x00000000a0000000,0x00000000a6113e60,0x00000000aa880000)
 Metaspace       used 143392K, capacity 150238K, committed 150348K, reserved 1181696K
  class space    used 17730K, capacity 19004K, committed 19072K, reserved 1048576K
Event: 905.281 GC heap after
Heap after GC invocations=33 (full 4):
 PSYoungGen      total 433664K, used 45145K [0x00000000e0000000, 0x0000000100000000, 0x0000000100000000)
  eden space 371200K, 0% used [0x00000000e0000000,0x00000000e0000000,0x00000000f6a80000)
  from space 62464K, 72% used [0x00000000f6a80000,0x00000000f96966d0,0x00000000fa780000)
  to   space 65536K, 0% used [0x00000000fc000000,0x00000000fc000000,0x0000000100000000)
 ParOldGen       total 172544K, used 99415K [0x00000000a0000000, 0x00000000aa880000, 0x00000000e0000000)
  object space 172544K, 57% used [0x00000000a0000000,0x00000000a6115e60,0x00000000aa880000)
 Metaspace       used 143392K, capacity 150238K, committed 150348K, reserved 1181696K
  class space    used 17730K, capacity 19004K, committed 19072K, reserved 1048576K
}
Event: 945.937 GC heap before
{Heap before GC invocations=34 (full 4):
 PSYoungGen      total 433664K, used 255025K [0x00000000e0000000, 0x0000000100000000, 0x0000000100000000)
  eden space 371200K, 56% used [0x00000000e0000000,0x00000000eccf6060,0x00000000f6a80000)
  from space 62464K, 72% used [0x00000000f6a80000,0x00000000f96966d0,0x00000000fa780000)
  to   space 65536K, 0% used [0x00000000fc000000,0x00000000fc000000,0x0000000100000000)
 ParOldGen       total 172544K, used 99415K [0x00000000a0000000, 0x00000000aa880000, 0x00000000e0000000)
  object space 172544K, 57% used [0x00000000a0000000,0x00000000a6115e60,0x00000000aa880000)
 Metaspace       used 155996K, capacity 163884K, committed 163968K, reserved 1191936K
  class space    used 19427K, capacity 20895K, committed 20916K, reserved 1048576K
Event: 945.977 GC heap after
Heap after GC invocations=34 (full 4):
 PSYoungGen      total 449536K, used 52561K [0x00000000e0000000, 0x0000000100000000, 0x0000000100000000)
  eden space 384000K, 0% used [0x00000000e0000000,0x00000000e0000000,0x00000000f7700000)
  from space 65536K, 80% used [0x00000000fc000000,0x00000000ff354628,0x0000000100000000)
  to   space 70144K, 0% used [0x00000000f7700000,0x00000000f7700000,0x00000000fbb80000)
 ParOldGen       total 172544K, used 99423K [0x00000000a0000000, 0x00000000aa880000, 0x00000000e0000000)
  object space 172544K, 57% used [0x00000000a0000000,0x00000000a6117e60,0x00000000aa880000)
 Metaspace       used 155996K, capacity 163884K, committed 163968K, reserved 1191936K
  class space    used 19427K, capacity 20895K, committed 20916K, reserved 1048576K
}
Event: 945.977 GC heap before
{Heap before GC invocations=35 (full 5):
 PSYoungGen      total 449536K, used 52561K [0x00000000e0000000, 0x0000000100000000, 0x0000000100000000)
  eden space 384000K, 0% used [0x00000000e0000000,0x00000000e0000000,0x00000000f7700000)
  from space 65536K, 80% used [0x00000000fc000000,0x00000000ff354628,0x0000000100000000)
  to   space 70144K, 0% used [0x00000000f7700000,0x00000000f7700000,0x00000000fbb80000)
 ParOldGen       total 172544K, used 99423K [0x00000000a0000000, 0x00000000aa880000, 0x00000000e0000000)
  object space 172544K, 57% used [0x00000000a0000000,0x00000000a6117e60,0x00000000aa880000)
 Metaspace       used 155996K, capacity 163884K, committed 163968K, reserved 1191936K
  class space    used 19427K, capacity 20895K, committed 20916K, reserved 1048576K
Event: 946.264 GC heap after
Heap after GC invocations=35 (full 5):
 PSYoungGen      total 449536K, used 0K [0x00000000e0000000, 0x0000000100000000, 0x0000000100000000)
  eden space 384000K, 0% used [0x00000000e0000000,0x00000000e0000000,0x00000000f7700000)
  from space 65536K, 0% used [0x00000000fc000000,0x00000000fc000000,0x0000000100000000)
  to   space 70144K, 0% used [0x00000000f7700000,0x00000000f7700000,0x00000000fbb80000)
 ParOldGen       total 172544K, used 123241K [0x00000000a0000000, 0x00000000aa880000, 0x00000000e0000000)
  object space 172544K, 71% used [0x00000000a0000000,0x00000000a785a590,0x00000000aa880000)
 Metaspace       used 155807K, capacity 163410K, committed 163968K, reserved 1191936K
  class space    used 19367K, capacity 20809K, committed 20916K, reserved 1048576K
}
Event: 947.477 GC heap before
{Heap before GC invocations=36 (full 5):
 PSYoungGen      total 449536K, used 384000K [0x00000000e0000000, 0x0000000100000000, 0x0000000100000000)
  eden space 384000K, 100% used [0x00000000e0000000,0x00000000f7700000,0x00000000f7700000)
  from space 65536K, 0% used [0x00000000fc000000,0x00000000fc000000,0x0000000100000000)
  to   space 70144K, 0% used [0x00000000f7700000,0x00000000f7700000,0x00000000fbb80000)
 ParOldGen       total 172544K, used 123241K [0x00000000a0000000, 0x00000000aa880000, 0x00000000e0000000)
  object space 172544K, 71% used [0x00000000a0000000,0x00000000a785a590,0x00000000aa880000)
 Metaspace       used 158423K, capacity 166076K, committed 166656K, reserved 1193984K
  class space    used 19720K, capacity 21178K, committed 21300K, reserved 1048576K
Event: 947.487 GC heap after
Heap after GC invocations=36 (full 5):
 PSYoungGen      total 454144K, used 9280K [0x00000000e0000000, 0x0000000100000000, 0x0000000100000000)
  eden space 384000K, 0% used [0x00000000e0000000,0x00000000e0000000,0x00000000f7700000)
  from space 70144K, 13% used [0x00000000f7700000,0x00000000f8010198,0x00000000fbb80000)
  to   space 70144K, 0% used [0x00000000fbb80000,0x00000000fbb80000,0x0000000100000000)
 ParOldGen       total 172544K, used 123249K [0x00000000a0000000, 0x00000000aa880000, 0x00000000e0000000)
  object space 172544K, 71% used [0x00000000a0000000,0x00000000a785c590,0x00000000aa880000)
 Metaspace       used 158423K, capacity 166076K, committed 166656K, reserved 1193984K
  class space    used 19720K, capacity 21178K, committed 21300K, reserved 1048576K
}

